<?xml version="1.0" encoding="UTF-8"?>
<testng-results ignored="0" total="3" passed="2" failed="1" skipped="0">
  <reporter-output>
  </reporter-output>
  <suite started-at="2023-08-04T12:07:02 IST" name="Suite" finished-at="2023-08-04T12:07:16 IST" duration-ms="14703">
    <groups>
    </groups>
    <test started-at="2023-08-04T12:07:02 IST" name="Test" finished-at="2023-08-04T12:07:16 IST" duration-ms="14703">
      <class name="com.qa.testscript.Automationpanda_001">
        <test-method is-config="true" signature="setUp(java.lang.String,java.lang.String)[pri:0, instance:com.qa.testscript.Automationpanda_001@77888435]" started-at="2023-08-04T12:06:58 IST" name="setUp" finished-at="2023-08-04T12:07:02 IST" duration-ms="3239" status="PASS">
          <params>
            <param index="0">
              <value>
                <![CDATA[https://automationpanda.com/2021/12/29/want-to-practice-test-automation-try-these-demo-sites/]]>
              </value>
            </param>
            <param index="1">
              <value>
                <![CDATA[Chrome]]>
              </value>
            </param>
          </params>
          <reporter-output>
          </reporter-output>
        </test-method> <!-- setUp -->
        <test-method signature="checkTitle()[pri:0, instance:com.qa.testscript.Automationpanda_001@77888435]" started-at="2023-08-04T12:07:02 IST" name="checkTitle" finished-at="2023-08-04T12:07:02 IST" duration-ms="357" status="FAIL">
          <exception class="java.lang.AssertionError">
            <message>
              <![CDATA[Title is not correct expected [true] but found [false]]]>
            </message>
            <full-stacktrace>
              <![CDATA[java.lang.AssertionError: Title is not correct expected [true] but found [false]
at org.testng.Assert.fail(Assert.java:110)
at org.testng.Assert.failNotEquals(Assert.java:1413)
at org.testng.Assert.assertTrue(Assert.java:56)
at com.qa.testscript.Automationpanda_001.checkTitle(Automationpanda_001.java:14)
at java.base/jdk.internal.reflect.DirectMethodHandleAccessor.invoke(DirectMethodHandleAccessor.java:104)
at java.base/java.lang.reflect.Method.invoke(Method.java:578)
at org.testng.internal.invokers.MethodInvocationHelper.invokeMethod(MethodInvocationHelper.java:139)
at org.testng.internal.invokers.TestInvoker.invokeMethod(TestInvoker.java:677)
at org.testng.internal.invokers.TestInvoker.invokeTestMethod(TestInvoker.java:221)
at org.testng.internal.invokers.MethodRunner.runInSequence(MethodRunner.java:50)
at org.testng.internal.invokers.TestInvoker$MethodInvocationAgent.invoke(TestInvoker.java:962)
at org.testng.internal.invokers.TestInvoker.invokeTestMethods(TestInvoker.java:194)
at org.testng.internal.invokers.TestMethodWorker.invokeTestMethods(TestMethodWorker.java:148)
at org.testng.internal.invokers.TestMethodWorker.run(TestMethodWorker.java:128)
at java.base/java.util.ArrayList.forEach(ArrayList.java:1511)
at org.testng.TestRunner.privateRun(TestRunner.java:806)
at org.testng.TestRunner.run(TestRunner.java:601)
at org.testng.SuiteRunner.runTest(SuiteRunner.java:433)
at org.testng.SuiteRunner.runSequentially(SuiteRunner.java:427)
at org.testng.SuiteRunner.privateRun(SuiteRunner.java:387)
at org.testng.SuiteRunner.run(SuiteRunner.java:330)
at org.testng.SuiteRunnerWorker.runSuite(SuiteRunnerWorker.java:52)
at org.testng.SuiteRunnerWorker.run(SuiteRunnerWorker.java:95)
at org.testng.TestNG.runSuitesSequentially(TestNG.java:1256)
at org.testng.TestNG.runSuitesLocally(TestNG.java:1176)
at org.testng.TestNG.runSuites(TestNG.java:1099)
at org.testng.TestNG.run(TestNG.java:1067)
at org.testng.remote.AbstractRemoteTestNG.run(AbstractRemoteTestNG.java:115)
at org.testng.remote.RemoteTestNG.initAndRun(RemoteTestNG.java:251)
at org.testng.remote.RemoteTestNG.main(RemoteTestNG.java:77)
]]>
            </full-stacktrace>
          </exception> <!-- java.lang.AssertionError -->
          <reporter-output>
          </reporter-output>
        </test-method> <!-- checkTitle -->
        <test-method signature="checkContactButton()[pri:1, instance:com.qa.testscript.Automationpanda_001@77888435]" started-at="2023-08-04T12:07:02 IST" name="checkContactButton" finished-at="2023-08-04T12:07:10 IST" duration-ms="8232" status="PASS">
          <reporter-output>
          </reporter-output>
        </test-method> <!-- checkContactButton -->
        <test-method signature="checkSubmit()[pri:2, instance:com.qa.testscript.Automationpanda_001@77888435]" started-at="2023-08-04T12:07:10 IST" name="checkSubmit" finished-at="2023-08-04T12:07:16 IST" depends-on-methods="com.qa.testscript.Automationpanda_001.checkContactButton" duration-ms="5966" status="PASS">
          <reporter-output>
          </reporter-output>
        </test-method> <!-- checkSubmit -->
        <test-method is-config="true" signature="tearDown()[pri:0, instance:com.qa.testscript.Automationpanda_001@77888435]" started-at="2023-08-04T12:07:17 IST" name="tearDown" finished-at="2023-08-04T12:07:17 IST" duration-ms="188" status="PASS">
          <reporter-output>
          </reporter-output>
        </test-method> <!-- tearDown -->
      </class> <!-- com.qa.testscript.Automationpanda_001 -->
    </test> <!-- Test -->
  </suite> <!-- Suite -->
</testng-results>
