<?xml version="1.0" encoding="UTF-8"?>
<!-- Generated by org.testng.reporters.JUnitXMLReporter -->
<testsuite ignored="0" hostname="Sriharsha" failures="1" tests="3" name="Test" time="14.703" errors="0" timestamp="2023-08-04T12:07:17 IST">
  <testcase classname="com.qa.testscript.Automationpanda_001" name="checkTitle" time="0.357">
    <failure type="java.lang.AssertionError" message="Title is not correct expected [true] but found [false]">
      <![CDATA[java.lang.AssertionError: Title is not correct expected [true] but found [false]
at com.qa.testscript.Automationpanda_001.checkTitle(Automationpanda_001.java:14)
at java.base/java.util.ArrayList.forEach(ArrayList.java:1511)
... Removed 28 stack frames]]>
    </failure>
  </testcase> <!-- checkTitle -->
  <testcase classname="com.qa.testscript.Automationpanda_001" name="checkContactButton" time="8.232"/>
  <testcase classname="com.qa.testscript.Automationpanda_001" name="checkSubmit" time="5.966"/>
</testsuite> <!-- Test -->
